<?xml version="1.0" encoding="UTF-8"?>
<!-- Generated by org.testng.reporters.JUnitReportReporter -->
<testsuite hostname="DESKTOP-4369MQT" name="module1.DummyTest" tests="1" failures="0" timestamp="26 Jan 2018 20:18:08 GMT" time="70.388" errors="0">
  <testcase name="f" time="70.388" classname="module1.DummyTest"/>
</testsuite> <!-- module1.DummyTest -->
