<?xml version="1.0" encoding="UTF-8"?>
<!-- Generated by org.testng.reporters.JUnitReportReporter -->
<testsuite hostname="DESKTOP-4369MQT" name="module1.BrowserStackest" tests="1" failures="0" timestamp="28 Jan 2018 18:18:35 GMT" time="21.137" errors="0">
  <testcase name="f" time="21.137" classname="module1.BrowserStackest"/>
</testsuite> <!-- module1.BrowserStackest -->
