<?xml version="1.0" encoding="UTF-8"?>
<!-- Generated by org.testng.reporters.JUnitReportReporter -->
<testsuite hostname="DESKTOP-4369MQT" name="practice.WindowExamples" tests="1" failures="0" timestamp="29 Jan 2018 10:19:25 GMT" time="25.052" errors="0">
  <testcase name="test_CloseAllWindowsExceptMainWindow" time="25.052" classname="practice.WindowExamples"/>
</testsuite> <!-- practice.WindowExamples -->
