<?xml version="1.0" encoding="UTF-8"?>
<!-- Generated by org.testng.reporters.JUnitReportReporter -->
<testsuite hostname="DESKTOP-4369MQT" name="practice.BrowserStackTest" tests="1" failures="0" timestamp="4 Mar 2018 08:29:53 GMT" time="33.644" errors="0">
  <testcase name="f" time="33.644" classname="practice.BrowserStackTest"/>
</testsuite> <!-- practice.BrowserStackTest -->
