<?xml version="1.0" encoding="UTF-8"?>
<!-- Generated by org.testng.reporters.JUnitReportReporter -->
<testsuite hostname="DESKTOP-4369MQT" name="practice.NewTest" tests="1" failures="0" timestamp="4 Feb 2018 13:48:41 GMT" time="0.091" errors="0">
  <testcase name="f" time="0.091" classname="practice.NewTest"/>
</testsuite> <!-- practice.NewTest -->
